<?xml version="1.0" encoding="UTF-8"?>
<!-- Generated by org.testng.reporters.JUnitReportReporter -->
<testsuite hostname="VSURE-LAP" name="org.maven.project.sampleproject.testNG.GmailLoginTest" tests="2" failures="0" timestamp="2 Oct 2018 02:38:09 GMT" time="129.872" errors="0">
  <testcase name="gmailLogout" time="79.098" classname="org.maven.project.sampleproject.testNG.GmailLoginTest"/>
  <testcase name="gmailLogin" time="50.774" classname="org.maven.project.sampleproject.testNG.GmailLoginTest"/>
</testsuite> <!-- org.maven.project.sampleproject.testNG.GmailLoginTest -->
