<?xml version="1.0" encoding="UTF-8"?>
<!-- Generated by org.testng.reporters.JUnitReportReporter -->
<testsuite hostname="VSURE-LAP" name="org.maven.project.sampleproject.testNG.FacebookTest" tests="2" failures="0" timestamp="6 Oct 2018 10:20:24 GMT" time="45.040" errors="0">
  <testcase name="facebookLoginWithWrongEmail" time="22.334" classname="org.maven.project.sampleproject.testNG.FacebookTest"/>
  <testcase name="facebookLoginWithWrongPassword" time="22.706" classname="org.maven.project.sampleproject.testNG.FacebookTest"/>
</testsuite> <!-- org.maven.project.sampleproject.testNG.FacebookTest -->
