<?xml version="1.0" encoding="UTF-8"?>
<!-- Generated by org.testng.reporters.JUnitReportReporter -->
<testsuite hostname="VSURE-LAP" name="org.maven.project.sampleproject.testNG.FacebookTest" tests="1" failures="0" timestamp="1 Oct 2018 02:28:51 GMT" time="34.390" errors="0">
  <testcase name="facebookLoginWithWrongEmail" time="34.390" classname="org.maven.project.sampleproject.testNG.FacebookTest"/>
</testsuite> <!-- org.maven.project.sampleproject.testNG.FacebookTest -->
